#
# There is insufficient memory for the Java Runtime Environment to continue.
# Native memory allocation (malloc) failed to allocate 108176 bytes for Chunk::new
# Possible reasons:
#   The system is out of physical RAM or swap space
#   The process is running with CompressedOops enabled, and the Java Heap may be blocking the growth of the native heap
# Possible solutions:
#   Reduce memory load on the system
#   Increase physical memory or swap space
#   Check if swap backing store is full
#   Decrease Java heap size (-Xmx/-Xms)
#   Decrease number of Java threads
#   Decrease Java thread stack sizes (-Xss)
#   Set larger code cache with -XX:ReservedCodeCacheSize=
#   JVM is running with Unscaled Compressed Oops mode in which the Java heap is
#     placed in the first 4GB address space. The Java Heap base address is the
#     maximum limit for the native heap growth. Please use -XX:HeapBaseMinAddress
#     to set the Java Heap base and to place the Java Heap above 4GB virtual address.
# This output file may be truncated or incomplete.
#
#  Out of Memory Error (allocation.cpp:389), pid=13116, tid=0x0000000000003cdc
#
# JRE version: Java(TM) SE Runtime Environment (8.0_261-b12) (build 1.8.0_261-b12)
# Java VM: Java HotSpot(TM) 64-Bit Server VM (25.261-b12 mixed mode windows-amd64 compressed oops)
# Failed to write core dump. Minidumps are not enabled by default on client versions of Windows
#

---------------  T H R E A D  ---------------

Current thread (0x000001f59fcfc800):  JavaThread "C2 CompilerThread0" daemon [_thread_in_native, id=15580, stack(0x0000002fc3b00000,0x0000002fc3c00000)]

Stack: [0x0000002fc3b00000,0x0000002fc3c00000]
Native frames: (J=compiled Java code, j=interpreted, Vv=VM code, C=native code)
V  [jvm.dll+0x33e5f9]


Current CompileTask:
C2:7111717 8407       4       org.gradle.launcher.daemon.server.health.gc.GarbageCollectionStats::calculateAverageUsage (53 bytes)


---------------  P R O C E S S  ---------------

Java Threads: ( => current thread )
  0x000001f5a827e000 JavaThread "Exec process Thread 3" [_thread_in_native, id=13036, stack(0x0000002fc6900000,0x0000002fc6a00000)]
  0x000001f5a8284000 JavaThread "Exec process Thread 2" [_thread_in_native, id=26040, stack(0x0000002fc6800000,0x0000002fc6900000)]
  0x000001f5a827e800 JavaThread "Exec process" [_thread_in_native, id=3408, stack(0x0000002fc6700000,0x0000002fc6800000)]
  0x000001f5a8281000 JavaThread "Cache worker for execution history cache (C:\FuentesBitbucket\api\.gradle\5.6.2\executionHistory)" [_thread_blocked, id=25668, stack(0x0000002fc6500000,0x0000002fc6600000)]
  0x000001f5a7ae6000 JavaThread "Execution worker for ':' Thread 7" [_thread_blocked, id=26716, stack(0x0000002fc6400000,0x0000002fc6500000)]
  0x000001f5a7ae5800 JavaThread "Execution worker for ':' Thread 6" [_thread_blocked, id=15632, stack(0x0000002fc6300000,0x0000002fc6400000)]
  0x000001f5a7ae4800 JavaThread "Execution worker for ':' Thread 5" [_thread_blocked, id=23652, stack(0x0000002fc6200000,0x0000002fc6300000)]
  0x000001f5a7ae4000 JavaThread "Execution worker for ':' Thread 4" [_thread_blocked, id=15768, stack(0x0000002fc6100000,0x0000002fc6200000)]
  0x000001f5a7adc800 JavaThread "Execution worker for ':' Thread 3" [_thread_blocked, id=9740, stack(0x0000002fc6000000,0x0000002fc6100000)]
  0x000001f5a7ae1800 JavaThread "Execution worker for ':' Thread 2" [_thread_blocked, id=19828, stack(0x0000002fc5f00000,0x0000002fc6000000)]
  0x000001f5a7ae3000 JavaThread "Execution worker for ':'" [_thread_blocked, id=26012, stack(0x0000002fc5e00000,0x0000002fc5f00000)]
  0x000001f5a7adb800 JavaThread "Cache worker for file content cache (C:\FuentesBitbucket\api\.gradle\5.6.2\fileContent)" [_thread_blocked, id=23664, stack(0x0000002fc5d00000,0x0000002fc5e00000)]
  0x000001f5a7ae2800 JavaThread "Cache worker for file content cache (C:\Users\ALONS\.gradle\caches\5.6.2\fileContent)" [_thread_blocked, id=18340, stack(0x0000002fc5c00000,0x0000002fc5d00000)]
  0x000001f5a7ae1000 JavaThread "Memory manager" [_thread_blocked, id=22720, stack(0x0000002fc5b00000,0x0000002fc5c00000)]
  0x000001f5a7add000 JavaThread "Cache worker for Build Output Cleanup Cache (C:\FuentesBitbucket\api\.gradle\buildOutputCleanup)" [_thread_blocked, id=25088, stack(0x0000002fc5a00000,0x0000002fc5b00000)]
  0x000001f5a7ae0000 JavaThread "Build operations Thread 8" [_thread_blocked, id=24960, stack(0x0000002fc5900000,0x0000002fc5a00000)]
  0x000001f5a7ade000 JavaThread "Build operations Thread 7" [_thread_blocked, id=17620, stack(0x0000002fc5800000,0x0000002fc5900000)]
  0x000001f5a7ad8800 JavaThread "Build operations Thread 6" [_thread_blocked, id=22996, stack(0x0000002fc5700000,0x0000002fc5800000)]
  0x000001f5a7adf800 JavaThread "Build operations Thread 5" [_thread_blocked, id=26428, stack(0x0000002fc5600000,0x0000002fc5700000)]
  0x000001f5a7ade800 JavaThread "Build operations Thread 4" [_thread_blocked, id=22744, stack(0x0000002fc5500000,0x0000002fc5600000)]
  0x000001f5a7adb000 JavaThread "Build operations Thread 3" [_thread_blocked, id=18792, stack(0x0000002fc5400000,0x0000002fc5500000)]
  0x000001f5a7ad7000 JavaThread "Build operations Thread 2" [_thread_blocked, id=25880, stack(0x0000002fc5300000,0x0000002fc5400000)]
  0x000001f5a7ada000 JavaThread "Build operations" [_thread_blocked, id=13948, stack(0x0000002fc5200000,0x0000002fc5300000)]
  0x000001f5a7ad9800 JavaThread "Cache worker for execution history cache (C:\Users\ALONS\.gradle\caches\5.6.2\executionHistory)" [_thread_blocked, id=25448, stack(0x0000002fc5100000,0x0000002fc5200000)]
  0x000001f5a7ad8000 JavaThread "Cache worker for cache directory md-rule (C:\Users\ALONS\.gradle\caches\5.6.2\md-rule)" [_thread_blocked, id=24032, stack(0x0000002fc5000000,0x0000002fc5100000)]
  0x000001f59fd14800 JavaThread "Cache worker for cache directory md-supplier (C:\Users\ALONS\.gradle\caches\5.6.2\md-supplier)" [_thread_blocked, id=16484, stack(0x0000002fc4f00000,0x0000002fc5000000)]
  0x000001f59fd19000 JavaThread "Cache worker for file hash cache (C:\FuentesBitbucket\api\.gradle\5.6.2\fileHashes)" [_thread_blocked, id=18796, stack(0x0000002fc4e00000,0x0000002fc4f00000)]
  0x000001f59fd16000 JavaThread "Cache worker for journal cache (C:\Users\ALONS\.gradle\caches\journal-1)" [_thread_blocked, id=22256, stack(0x0000002fc4d00000,0x0000002fc4e00000)]
  0x000001f59fd1a800 JavaThread "File lock request listener" [_thread_in_native, id=26756, stack(0x0000002fc4c00000,0x0000002fc4d00000)]
  0x000001f59fd18000 JavaThread "Cache worker for file hash cache (C:\Users\ALONS\.gradle\caches\5.6.2\fileHashes)" [_thread_blocked, id=22432, stack(0x0000002fc4b00000,0x0000002fc4c00000)]
  0x000001f5a309c800 JavaThread "Thread-9" [_thread_blocked, id=1452, stack(0x0000002fc4a00000,0x0000002fc4b00000)]
  0x000001f5a308b000 JavaThread "Stdin handler" [_thread_blocked, id=23820, stack(0x0000002fc4900000,0x0000002fc4a00000)]
  0x000001f5a307c000 JavaThread "Asynchronous log dispatcher for DefaultDaemonConnection: socket connection from /127.0.0.1:61266 to /127.0.0.1:61267" [_thread_blocked, id=20336, stack(0x0000002fc4800000,0x0000002fc4900000)]
  0x000001f5a302b000 JavaThread "Daemon worker" [_thread_blocked, id=7556, stack(0x0000002fc4700000,0x0000002fc4800000)]
  0x000001f5a3029000 JavaThread "Cancel handler" [_thread_blocked, id=15536, stack(0x0000002fc4600000,0x0000002fc4700000)]
  0x000001f5a2fae000 JavaThread "Handler for socket connection from /127.0.0.1:61266 to /127.0.0.1:61267" [_thread_in_native, id=17380, stack(0x0000002fc4500000,0x0000002fc4600000)]
  0x000001f5a2fab000 JavaThread "Daemon" [_thread_blocked, id=26032, stack(0x0000002fc4400000,0x0000002fc4500000)]
  0x000001f5a2f90800 JavaThread "Daemon periodic checks" [_thread_blocked, id=26068, stack(0x0000002fc4300000,0x0000002fc4400000)]
  0x000001f5a2f90000 JavaThread "Incoming local TCP Connector on port 61266" [_thread_in_native, id=18000, stack(0x0000002fc4200000,0x0000002fc4300000)]
  0x000001f5a2e71000 JavaThread "Daemon health stats" [_thread_blocked, id=14900, stack(0x0000002fc4100000,0x0000002fc4200000)]
  0x000001f5a1128800 JavaThread "Service Thread" daemon [_thread_blocked, id=18424, stack(0x0000002fc3f00000,0x0000002fc4000000)]
  0x000001f59fd17800 JavaThread "C1 CompilerThread3" daemon [_thread_blocked, id=25888, stack(0x0000002fc3e00000,0x0000002fc3f00000)]
  0x000001f59fd0f800 JavaThread "C2 CompilerThread2" daemon [_thread_blocked, id=25900, stack(0x0000002fc3d00000,0x0000002fc3e00000)]
  0x000001f59fd06800 JavaThread "C2 CompilerThread1" daemon [_thread_blocked, id=24972, stack(0x0000002fc3c00000,0x0000002fc3d00000)]
=>0x000001f59fcfc800 JavaThread "C2 CompilerThread0" daemon [_thread_in_native, id=15580, stack(0x0000002fc3b00000,0x0000002fc3c00000)]
  0x000001f59fcfb800 JavaThread "Attach Listener" daemon [_thread_blocked, id=10716, stack(0x0000002fc3a00000,0x0000002fc3b00000)]
  0x000001f59fcfa800 JavaThread "Signal Dispatcher" daemon [_thread_blocked, id=22824, stack(0x0000002fc3900000,0x0000002fc3a00000)]
  0x000001f59fce0800 JavaThread "Finalizer" daemon [_thread_blocked, id=12256, stack(0x0000002fc3800000,0x0000002fc3900000)]
  0x000001f59fcd9800 JavaThread "Reference Handler" daemon [_thread_blocked, id=25040, stack(0x0000002fc3700000,0x0000002fc3800000)]
  0x000001f58c702800 JavaThread "main" [_thread_blocked, id=17832, stack(0x0000002fc2d00000,0x0000002fc2e00000)]

Other Threads:
  0x000001f59fcb2800 VMThread [stack: 0x0000002fc3600000,0x0000002fc3700000] [id=23612]
  0x000001f59fd89000 WatcherThread [stack: 0x0000002fc4000000,0x0000002fc4100000] [id=22444]

VM state:not at safepoint (normal execution)

VM Mutex/Monitor currently owned by a thread: None

heap address: 0x00000000e0000000, size: 512 MB, Compressed Oops mode: 32-bit
Narrow klass base: 0x0000000000000000, Narrow klass shift: 3
Compressed class space size: 1073741824 Address: 0x0000000100000000

Heap:
 PSYoungGen      total 152064K, used 141990K [0x00000000f5580000, 0x0000000100000000, 0x0000000100000000)
  eden space 133632K, 92% used [0x00000000f5580000,0x00000000fce2de68,0x00000000fd800000)
  from space 18432K, 99% used [0x00000000fee00000,0x00000000ffffbb78,0x0000000100000000)
  to   space 20480K, 0% used [0x00000000fd800000,0x00000000fd800000,0x00000000fec00000)
 ParOldGen       total 179712K, used 24903K [0x00000000e0000000, 0x00000000eaf80000, 0x00000000f5580000)
  object space 179712K, 13% used [0x00000000e0000000,0x00000000e1851f90,0x00000000eaf80000)
 Metaspace       used 51773K, capacity 53172K, committed 53248K, reserved 1095680K
  class space    used 7030K, capacity 7391K, committed 7424K, reserved 1048576K

Card table byte_map: [0x000001f59d530000,0x000001f59d640000] byte_map_base: 0x000001f59ce30000

Marking Bits: (ParMarkBitMap*) 0x0000000054644fb0
 Begin Bits: [0x000001f59d6f0000, 0x000001f59def0000)
 End Bits:   [0x000001f59def0000, 0x000001f59e6f0000)

Polling page: 0x000001f58c960000

CodeCache: size=245760Kb used=23776Kb max_used=23946Kb free=221983Kb
 bounds [0x000001f58e170000, 0x000001f58f8f0000, 0x000001f59d170000]
 total_blobs=8037 nmethods=7241 adapters=706
 compilation: enabled

Compilation events (10 events):
Event: 6601.420 Thread 0x000001f59fd06800 nmethod 8401 0x000001f58e3ed4d0 code [0x000001f58e3ed620, 0x000001f58e3edb78]
Event: 6701.696 Thread 0x000001f59fcfc800 8403       4       org.gradle.internal.remote.internal.inet.MultiChoiceAddress::hashCode (8 bytes)
Event: 6701.698 Thread 0x000001f59fcfc800 nmethod 8403 0x000001f58eb7d3d0 code [0x000001f58eb7d500, 0x000001f58eb7d578]
Event: 6721.688 Thread 0x000001f59fcfc800 8404       4       org.gradle.internal.remote.internal.inet.MultiChoiceAddressSerializer::read (95 bytes)
Event: 6721.713 Thread 0x000001f59fcfc800 nmethod 8404 0x000001f58e76dd90 code [0x000001f58e76dfe0, 0x000001f58e76f3a8]
Event: 6881.698 Thread 0x000001f59fd06800 8405       4       org.gradle.launcher.daemon.registry.DaemonInfo::<init> (39 bytes)
Event: 6881.699 Thread 0x000001f59fd06800 nmethod 8405 0x000001f58ee0fbd0 code [0x000001f58ee0fd00, 0x000001f58ee0fd98]
Event: 7041.691 Thread 0x000001f59fd06800 8406       4       org.gradle.launcher.daemon.registry.DaemonInfo$Serializer::read (77 bytes)
Event: 7041.699 Thread 0x000001f59fd06800 nmethod 8406 0x000001f58eb8da50 code [0x000001f58eb8dc20, 0x000001f58eb8e208]
Event: 7111.706 Thread 0x000001f59fcfc800 8407       4       org.gradle.launcher.daemon.server.health.gc.GarbageCollectionStats::calculateAverageUsage (53 bytes)

GC Heap History (10 events):
Event: 5.347 GC heap before
{Heap before GC invocations=8 (full 2):
 PSYoungGen      total 108032K, used 8466K [0x00000000f5580000, 0x00000000fcf00000, 0x0000000100000000)
  eden space 95744K, 0% used [0x00000000f5580000,0x00000000f5580000,0x00000000fb300000)
  from space 12288K, 68% used [0x00000000fbf00000,0x00000000fc744a20,0x00000000fcb00000)
  to   space 12288K, 0% used [0x00000000fb300000,0x00000000fb300000,0x00000000fbf00000)
 ParOldGen       total 175104K, used 11754K [0x00000000e0000000, 0x00000000eab00000, 0x00000000f5580000)
  object space 175104K, 6% used [0x00000000e0000000,0x00000000e0b7aa40,0x00000000eab00000)
 Metaspace       used 34525K, capacity 35304K, committed 35416K, reserved 1079296K
  class space    used 4866K, capacity 5067K, committed 5120K, reserved 1048576K
Event: 5.408 GC heap after
Heap after GC invocations=8 (full 2):
 PSYoungGen      total 108032K, used 0K [0x00000000f5580000, 0x00000000fcf00000, 0x0000000100000000)
  eden space 95744K, 0% used [0x00000000f5580000,0x00000000f5580000,0x00000000fb300000)
  from space 12288K, 0% used [0x00000000fbf00000,0x00000000fbf00000,0x00000000fcb00000)
  to   space 12288K, 0% used [0x00000000fb300000,0x00000000fb300000,0x00000000fbf00000)
 ParOldGen       total 179712K, used 14767K [0x00000000e0000000, 0x00000000eaf80000, 0x00000000f5580000)
  object space 179712K, 8% used [0x00000000e0000000,0x00000000e0e6bcd8,0x00000000eaf80000)
 Metaspace       used 34518K, capacity 35280K, committed 35416K, reserved 1079296K
  class space    used 4864K, capacity 5063K, committed 5120K, reserved 1048576K
}
Event: 6.396 GC heap before
{Heap before GC invocations=9 (full 2):
 PSYoungGen      total 108032K, used 95744K [0x00000000f5580000, 0x00000000fcf00000, 0x0000000100000000)
  eden space 95744K, 100% used [0x00000000f5580000,0x00000000fb300000,0x00000000fb300000)
  from space 12288K, 0% used [0x00000000fbf00000,0x00000000fbf00000,0x00000000fcb00000)
  to   space 12288K, 0% used [0x00000000fb300000,0x00000000fb300000,0x00000000fbf00000)
 ParOldGen       total 179712K, used 14767K [0x00000000e0000000, 0x00000000eaf80000, 0x00000000f5580000)
  object space 179712K, 8% used [0x00000000e0000000,0x00000000e0e6bcd8,0x00000000eaf80000)
 Metaspace       used 39252K, capacity 40410K, committed 40576K, reserved 1083392K
  class space    used 5656K, capacity 5950K, committed 6016K, reserved 1048576K
Event: 6.404 GC heap after
Heap after GC invocations=9 (full 2):
 PSYoungGen      total 108032K, used 8900K [0x00000000f5580000, 0x00000000fea00000, 0x0000000100000000)
  eden space 95744K, 0% used [0x00000000f5580000,0x00000000f5580000,0x00000000fb300000)
  from space 12288K, 72% used [0x00000000fb300000,0x00000000fbbb1048,0x00000000fbf00000)
  to   space 11776K, 0% used [0x00000000fde80000,0x00000000fde80000,0x00000000fea00000)
 ParOldGen       total 179712K, used 14775K [0x00000000e0000000, 0x00000000eaf80000, 0x00000000f5580000)
  object space 179712K, 8% used [0x00000000e0000000,0x00000000e0e6dcd8,0x00000000eaf80000)
 Metaspace       used 39252K, capacity 40410K, committed 40576K, reserved 1083392K
  class space    used 5656K, capacity 5950K, committed 6016K, reserved 1048576K
}
Event: 9.039 GC heap before
{Heap before GC invocations=10 (full 2):
 PSYoungGen      total 108032K, used 104644K [0x00000000f5580000, 0x00000000fea00000, 0x0000000100000000)
  eden space 95744K, 100% used [0x00000000f5580000,0x00000000fb300000,0x00000000fb300000)
  from space 12288K, 72% used [0x00000000fb300000,0x00000000fbbb1048,0x00000000fbf00000)
  to   space 11776K, 0% used [0x00000000fde80000,0x00000000fde80000,0x00000000fea00000)
 ParOldGen       total 179712K, used 14775K [0x00000000e0000000, 0x00000000eaf80000, 0x00000000f5580000)
  object space 179712K, 8% used [0x00000000e0000000,0x00000000e0e6dcd8,0x00000000eaf80000)
 Metaspace       used 45097K, capacity 46248K, committed 46464K, reserved 1089536K
  class space    used 6351K, capacity 6671K, committed 6784K, reserved 1048576K
Event: 9.051 GC heap after
Heap after GC invocations=10 (full 2):
 PSYoungGen      total 136704K, used 11744K [0x00000000f5580000, 0x00000000fee00000, 0x0000000100000000)
  eden space 124928K, 0% used [0x00000000f5580000,0x00000000f5580000,0x00000000fcf80000)
  from space 11776K, 99% used [0x00000000fde80000,0x00000000fe9f8070,0x00000000fea00000)
  to   space 15360K, 0% used [0x00000000fcf80000,0x00000000fcf80000,0x00000000fde80000)
 ParOldGen       total 179712K, used 20558K [0x00000000e0000000, 0x00000000eaf80000, 0x00000000f5580000)
  object space 179712K, 11% used [0x00000000e0000000,0x00000000e1413b60,0x00000000eaf80000)
 Metaspace       used 45097K, capacity 46248K, committed 46464K, reserved 1089536K
  class space    used 6351K, capacity 6671K, committed 6784K, reserved 1048576K
}
Event: 12.748 GC heap before
{Heap before GC invocations=11 (full 2):
 PSYoungGen      total 136704K, used 136672K [0x00000000f5580000, 0x00000000fee00000, 0x0000000100000000)
  eden space 124928K, 100% used [0x00000000f5580000,0x00000000fcf80000,0x00000000fcf80000)
  from space 11776K, 99% used [0x00000000fde80000,0x00000000fe9f8070,0x00000000fea00000)
  to   space 15360K, 0% used [0x00000000fcf80000,0x00000000fcf80000,0x00000000fde80000)
 ParOldGen       total 179712K, used 20558K [0x00000000e0000000, 0x00000000eaf80000, 0x00000000f5580000)
  object space 179712K, 11% used [0x00000000e0000000,0x00000000e1413b60,0x00000000eaf80000)
 Metaspace       used 50448K, capacity 51756K, committed 51840K, reserved 1093632K
  class space    used 6924K, capacity 7287K, committed 7296K, reserved 1048576K
Event: 12.774 GC heap after
Heap after GC invocations=11 (full 2):
 PSYoungGen      total 140288K, used 15338K [0x00000000f5580000, 0x0000000100000000, 0x0000000100000000)
  eden space 124928K, 0% used [0x00000000f5580000,0x00000000f5580000,0x00000000fcf80000)
  from space 15360K, 99% used [0x00000000fcf80000,0x00000000fde7a9d0,0x00000000fde80000)
  to   space 18432K, 0% used [0x00000000fee00000,0x00000000fee00000,0x0000000100000000)
 ParOldGen       total 179712K, used 24724K [0x00000000e0000000, 0x00000000eaf80000, 0x00000000f5580000)
  object space 179712K, 13% used [0x00000000e0000000,0x00000000e1825048,0x00000000eaf80000)
 Metaspace       used 50448K, capacity 51756K, committed 51840K, reserved 1093632K
  class space    used 6924K, capacity 7287K, committed 7296K, reserved 1048576K
}
Event: 13.610 GC heap before
{Heap before GC invocations=12 (full 2):
 PSYoungGen      total 140288K, used 140229K [0x00000000f5580000, 0x0000000100000000, 0x0000000100000000)
  eden space 124928K, 99% used [0x00000000f5580000,0x00000000fcf76b20,0x00000000fcf80000)
  from space 15360K, 99% used [0x00000000fcf80000,0x00000000fde7a9d0,0x00000000fde80000)
  to   space 18432K, 0% used [0x00000000fee00000,0x00000000fee00000,0x0000000100000000)
 ParOldGen       total 179712K, used 24724K [0x00000000e0000000, 0x00000000eaf80000, 0x00000000f5580000)
  object space 179712K, 13% used [0x00000000e0000000,0x00000000e1825048,0x00000000eaf80000)
 Metaspace       used 51222K, capacity 52574K, committed 52736K, reserved 1095680K
  class space    used 6999K, capacity 7348K, committed 7424K, reserved 1048576K
Event: 13.624 GC heap after
Heap after GC invocations=12 (full 2):
 PSYoungGen      total 152064K, used 18414K [0x00000000f5580000, 0x0000000100000000, 0x0000000100000000)
  eden space 133632K, 0% used [0x00000000f5580000,0x00000000f5580000,0x00000000fd800000)
  from space 18432K, 99% used [0x00000000fee00000,0x00000000ffffbb78,0x0000000100000000)
  to   space 20480K, 0% used [0x00000000fd800000,0x00000000fd800000,0x00000000fec00000)
 ParOldGen       total 179712K, used 24903K [0x00000000e0000000, 0x00000000eaf80000, 0x00000000f5580000)
  object space 179712K, 13% used [0x00000000e0000000,0x00000000e1851f90,0x00000000eaf80000)
 Metaspace       used 51222K, capacity 52574K, committed 52736K, reserved 1095680K
  class space    used 6999K, capacity 7348K, committed 7424K, reserved 1048576K
}

Deoptimization events (10 events):
Event: 11.993 Thread 0x000001f5a7ae1800 Uncommon trap: reason=unstable_if action=reinterpret pc=0x000001f58f3ae9a8 method=com.esotericsoftware.kryo.io.Output.writeString(Ljava/lang/String;)V @ 93
Event: 11.996 Thread 0x000001f5a7ae1800 Uncommon trap: reason=unstable_if action=reinterpret pc=0x000001f58f347340 method=com.esotericsoftware.kryo.io.Output.writeString(Ljava/lang/String;)V @ 93
Event: 12.109 Thread 0x000001f5a7ae1800 Uncommon trap: reason=unstable_if action=reinterpret pc=0x000001f58f3e63a0 method=io.spring.gradle.dependencymanagement.org.codehaus.plexus.util.xml.pull.MXParser.nextTag()I @ 10
Event: 12.116 Thread 0x000001f5a7ae1800 Uncommon trap: reason=unstable_if action=reinterpret pc=0x000001f58efd7b90 method=io.spring.gradle.dependencymanagement.org.codehaus.plexus.util.xml.pull.MXParser.nextImpl()I @ 310
Event: 12.529 Thread 0x000001f5a7ae1800 Uncommon trap: reason=unstable_if action=reinterpret pc=0x000001f58f44a870 method=io.spring.gradle.dependencymanagement.org.codehaus.plexus.util.xml.pull.MXParser.parseStartTag()I @ 101
Event: 13.004 Thread 0x000001f5a7ae1800 Uncommon trap: reason=unstable_if action=reinterpret pc=0x000001f58ef5ced0 method=java.util.HashMap$HashIterator.<init>(Ljava/util/HashMap;)V @ 45
Event: 13.070 Thread 0x000001f5a7ae1800 Uncommon trap: reason=unstable_if action=reinterpret pc=0x000001f58eb54e48 method=java.util.concurrent.ConcurrentHashMap.get(Ljava/lang/Object;)Ljava/lang/Object; @ 76
Event: 13.305 Thread 0x000001f5a7ae1800 Uncommon trap: reason=predicate action=maybe_recompile pc=0x000001f58f848b94 method=java.lang.String.regionMatches(ZILjava/lang/String;II)Z @ 63
Event: 13.643 Thread 0x000001f5a7ae1800 Uncommon trap: reason=unstable_if action=reinterpret pc=0x000001f58f0d5134 method=java.util.jar.Attributes.read(Ljava/util/jar/Manifest$FastInputStream;[B)V @ 58
Event: 1825.517 Thread 0x000001f5a8284000 Uncommon trap: reason=null_check action=make_not_entrant pc=0x000001f58f88ac5c method=org.gradle.internal.io.LinePerThreadBufferingOutputStream.getStream()Ljava/io/PrintStream; @ 7

Classes redefined (0 events):
No events

Internal exceptions (10 events):
Event: 13.447 Thread 0x000001f5a309c800 Exception <a 'java/lang/NoSuchMethodError': <clinit>> (0x00000000f5715af0) thrown at [C:\jenkins\workspace\8-2-build-windows-amd64-cygwin\jdk8u261\295\hotspot\src\share\vm\prims\jni.cpp, line 1615]
Event: 13.450 Thread 0x000001f5a309c800 Exception <a 'java/lang/NoSuchMethodError': <clinit>> (0x00000000f572cf10) thrown at [C:\jenkins\workspace\8-2-build-windows-amd64-cygwin\jdk8u261\295\hotspot\src\share\vm\prims\jni.cpp, line 1615]
Event: 13.450 Thread 0x000001f5a309c800 Exception <a 'java/lang/NoSuchMethodError': <clinit>> (0x00000000f572ea40) thrown at [C:\jenkins\workspace\8-2-build-windows-amd64-cygwin\jdk8u261\295\hotspot\src\share\vm\prims\jni.cpp, line 1615]
Event: 13.450 Thread 0x000001f5a309c800 Exception <a 'java/lang/NoSuchMethodError': <clinit>> (0x00000000f57308e8) thrown at [C:\jenkins\workspace\8-2-build-windows-amd64-cygwin\jdk8u261\295\hotspot\src\share\vm\prims\jni.cpp, line 1615]
Event: 13.498 Thread 0x000001f5a7ae1800 Exception <a 'java/io/FileNotFoundException'> (0x00000000f95cebb8) thrown at [C:\jenkins\workspace\8-2-build-windows-amd64-cygwin\jdk8u261\295\hotspot\src\share\vm\prims\jni.cpp, line 710]
Event: 13.498 Thread 0x000001f5a7ae1800 Exception <a 'java/io/FileNotFoundException'> (0x00000000f95cf528) thrown at [C:\jenkins\workspace\8-2-build-windows-amd64-cygwin\jdk8u261\295\hotspot\src\share\vm\prims\jni.cpp, line 710]
Event: 13.764 Thread 0x000001f5a7ae1800 Exception <a 'java/lang/NoSuchMethodError': org.springframework.boot.gradle.tasks.run.BootRun.getJavaLauncher()Lorg/gradle/api/provider/Property;> (0x00000000f6532248) thrown at [C:\jenkins\workspace\8-2-build-windows-amd64-cygwin\jdk8u261\295\hotspot\src
Event: 13.767 Thread 0x000001f5a7ae1800 Exception <a 'java/io/FileNotFoundException'> (0x00000000f654ffb8) thrown at [C:\jenkins\workspace\8-2-build-windows-amd64-cygwin\jdk8u261\295\hotspot\src\share\vm\prims\jni.cpp, line 710]
Event: 13.767 Thread 0x000001f5a7ae1800 Exception <a 'java/io/FileNotFoundException'> (0x00000000f6551c90) thrown at [C:\jenkins\workspace\8-2-build-windows-amd64-cygwin\jdk8u261\295\hotspot\src\share\vm\prims\jni.cpp, line 710]
Event: 13.768 Thread 0x000001f5a7ae1800 Exception <a 'java/io/FileNotFoundException'> (0x00000000f6552998) thrown at [C:\jenkins\workspace\8-2-build-windows-amd64-cygwin\jdk8u261\295\hotspot\src\share\vm\prims\jni.cpp, line 710]

Events (10 events):
Event: 5931.351 Thread 0x000001f59fd0f800 flushing nmethod 0x000001f58e334b10
Event: 6101.701 Thread 0x000001f59fd17800 flushing nmethod 0x000001f58e38b110
Event: 6101.701 Thread 0x000001f59fd17800 flushing nmethod 0x000001f58e3e3fd0
Event: 6101.748 Thread 0x000001f59fd0f800 flushing nmethod 0x000001f58e587090
Event: 6101.763 Thread 0x000001f59fd0f800 flushing nmethod 0x000001f58e5a95d0
Event: 6401.689 Thread 0x000001f59fd17800 flushing nmethod 0x000001f58e9f8a50
Event: 6401.690 Thread 0x000001f59fd17800 flushing nmethod 0x000001f58ea4afd0
Event: 6401.696 Thread 0x000001f59fd17800 flushing nmethod 0x000001f58ef8add0
Event: 6561.702 loading class java/net/Inet6Address$1
Event: 6561.707 loading class java/net/Inet6Address$1 done


Dynamic libraries:
0x00007ff702f50000 - 0x00007ff702f97000 	C:\Program Files\Java\jdk1.8.0_261\bin\java.exe
0x00007ff8f4100000 - 0x00007ff8f4309000 	C:\WINDOWS\SYSTEM32\ntdll.dll
0x00007ff8f29a0000 - 0x00007ff8f2a5d000 	C:\WINDOWS\System32\KERNEL32.DLL
0x00007ff8f1710000 - 0x00007ff8f1a84000 	C:\WINDOWS\System32\KERNELBASE.dll
0x00007ff8f3250000 - 0x00007ff8f32fe000 	C:\WINDOWS\System32\ADVAPI32.dll
0x00007ff8f3f20000 - 0x00007ff8f3fc3000 	C:\WINDOWS\System32\msvcrt.dll
0x00007ff8f2be0000 - 0x00007ff8f2c7e000 	C:\WINDOWS\System32\sechost.dll
0x00007ff8f3590000 - 0x00007ff8f36b0000 	C:\WINDOWS\System32\RPCRT4.dll
0x00007ff8f27f0000 - 0x00007ff8f299c000 	C:\WINDOWS\System32\USER32.dll
0x00007ff8f1a90000 - 0x00007ff8f1ab6000 	C:\WINDOWS\System32\win32u.dll
0x00007ff8f3d50000 - 0x00007ff8f3d79000 	C:\WINDOWS\System32\GDI32.dll
0x00007ff8f15f0000 - 0x00007ff8f1702000 	C:\WINDOWS\System32\gdi32full.dll
0x00007ff8f1ac0000 - 0x00007ff8f1b5d000 	C:\WINDOWS\System32\msvcp_win.dll
0x00007ff8f1d90000 - 0x00007ff8f1ea1000 	C:\WINDOWS\System32\ucrtbase.dll
0x00007ff8c62d0000 - 0x00007ff8c6575000 	C:\WINDOWS\WinSxS\amd64_microsoft.windows.common-controls_6595b64144ccf1df_6.0.22000.120_none_9d947278b86cc467\COMCTL32.dll
0x00007ff8f2e70000 - 0x00007ff8f2ea1000 	C:\WINDOWS\System32\IMM32.DLL
0x00007ff8c34f0000 - 0x00007ff8c3505000 	C:\Program Files\Java\jdk1.8.0_261\jre\bin\vcruntime140.dll
0x00007ff895c50000 - 0x00007ff895ceb000 	C:\Program Files\Java\jdk1.8.0_261\jre\bin\msvcp140.dll
0x0000000053e50000 - 0x00000000546bc000 	C:\Program Files\Java\jdk1.8.0_261\jre\bin\server\jvm.dll
0x00007ff8f2bd0000 - 0x00007ff8f2bd8000 	C:\WINDOWS\System32\PSAPI.DLL
0x00007ff8e57d0000 - 0x00007ff8e5803000 	C:\WINDOWS\SYSTEM32\WINMM.dll
0x00007ff8e5390000 - 0x00007ff8e539a000 	C:\WINDOWS\SYSTEM32\VERSION.dll
0x00007ff8dabb0000 - 0x00007ff8dabb9000 	C:\WINDOWS\SYSTEM32\WSOCK32.dll
0x00007ff8f3b20000 - 0x00007ff8f3b8f000 	C:\WINDOWS\System32\WS2_32.dll
0x00007ff8f07e0000 - 0x00007ff8f07f8000 	C:\WINDOWS\SYSTEM32\kernel.appcore.dll
0x00007ff8c33f0000 - 0x00007ff8c3400000 	C:\Program Files\Java\jdk1.8.0_261\jre\bin\verify.dll
0x00007ff8c27a0000 - 0x00007ff8c27cb000 	C:\Program Files\Java\jdk1.8.0_261\jre\bin\java.dll
0x00007ff8c2f20000 - 0x00007ff8c2f38000 	C:\Program Files\Java\jdk1.8.0_261\jre\bin\zip.dll
0x00007ff8f1fa0000 - 0x00007ff8f274e000 	C:\WINDOWS\System32\SHELL32.dll
0x00007ff8ef700000 - 0x00007ff8eff67000 	C:\WINDOWS\SYSTEM32\windows.storage.dll
0x00007ff8f2eb0000 - 0x00007ff8f3228000 	C:\WINDOWS\System32\combase.dll
0x00007ff8ef590000 - 0x00007ff8ef6f6000 	C:\WINDOWS\SYSTEM32\wintypes.dll
0x00007ff8f3490000 - 0x00007ff8f357a000 	C:\WINDOWS\System32\SHCORE.dll
0x00007ff8f2750000 - 0x00007ff8f27ad000 	C:\WINDOWS\System32\shlwapi.dll
0x00007ff8f1520000 - 0x00007ff8f1541000 	C:\WINDOWS\SYSTEM32\profapi.dll
0x00007ff8aec00000 - 0x00007ff8aec1c000 	C:\Program Files\Java\jdk1.8.0_261\jre\bin\net.dll
0x00007ff8f0c10000 - 0x00007ff8f0c77000 	C:\WINDOWS\system32\mswsock.dll
0x00007ff8aeab0000 - 0x00007ff8aeac3000 	C:\Program Files\Java\jdk1.8.0_261\jre\bin\nio.dll
0x00007ff8c2f40000 - 0x00007ff8c2f66000 	C:\Users\ALONS\.gradle\native\30\windows-amd64\native-platform.dll
0x00007ff8c2790000 - 0x00007ff8c279d000 	C:\Program Files\Java\jdk1.8.0_261\jre\bin\management.dll
0x00007ff8f0e50000 - 0x00007ff8f0e68000 	C:\WINDOWS\SYSTEM32\CRYPTSP.dll
0x00007ff8f0740000 - 0x00007ff8f0775000 	C:\WINDOWS\system32\rsaenh.dll
0x00007ff8f0d00000 - 0x00007ff8f0d29000 	C:\WINDOWS\SYSTEM32\USERENV.dll
0x00007ff8f0fd0000 - 0x00007ff8f0ff7000 	C:\WINDOWS\SYSTEM32\bcrypt.dll
0x00007ff8f1f20000 - 0x00007ff8f1f9f000 	C:\WINDOWS\System32\bcryptprimitives.dll
0x00007ff8f0e70000 - 0x00007ff8f0e7c000 	C:\WINDOWS\SYSTEM32\CRYPTBASE.dll
0x00007ff8f0330000 - 0x00007ff8f035d000 	C:\WINDOWS\SYSTEM32\IPHLPAPI.DLL
0x00007ff8f3580000 - 0x00007ff8f3589000 	C:\WINDOWS\System32\NSI.dll
0x00007ff8e57b0000 - 0x00007ff8e57c9000 	C:\WINDOWS\SYSTEM32\dhcpcsvc6.DLL
0x00007ff8e6390000 - 0x00007ff8e63ae000 	C:\WINDOWS\SYSTEM32\dhcpcsvc.DLL
0x00007ff8f0360000 - 0x00007ff8f0447000 	C:\WINDOWS\SYSTEM32\DNSAPI.dll
0x00007ff8aea80000 - 0x00007ff8aeaa4000 	C:\Program Files\Java\jdk1.8.0_261\jre\bin\sunec.dll
0x00007ff8e2020000 - 0x00007ff8e202a000 	C:\Windows\System32\rasadhlp.dll
0x00007ff8e3850000 - 0x00007ff8e38d1000 	C:\WINDOWS\System32\fwpuclnt.dll
0x00007ff8bfca0000 - 0x00007ff8bfcad000 	C:\Program Files\Java\jdk1.8.0_261\jre\bin\sunmscapi.dll
0x00007ff8f1b60000 - 0x00007ff8f1cc2000 	C:\WINDOWS\System32\CRYPT32.dll
0x00007ff8f0fa0000 - 0x00007ff8f0fc8000 	C:\WINDOWS\SYSTEM32\ncrypt.dll
0x00007ff8f0f60000 - 0x00007ff8f0f97000 	C:\WINDOWS\SYSTEM32\NTASN1.dll

VM Arguments:
jvm_args: -XX:MaxMetaspaceSize=256m -XX:+HeapDumpOnOutOfMemoryError -Xms256m -Xmx512m -Dfile.encoding=windows-1252 -Duser.country=ES -Duser.language=es -Duser.variant 
java_command: org.gradle.launcher.daemon.bootstrap.GradleDaemon 5.6.2
java_class_path (initial): C:\Users\ALONS\.gradle\wrapper\dists\gradle-5.6.2-bin\3clyn6icets6f02ptgd5hlmou\gradle-5.6.2\lib\gradle-launcher-5.6.2.jar
Launcher Type: SUN_STANDARD

Environment Variables:
JAVA_HOME=C:\Program Files\Java\jdk1.8.0_261
PATH=C:\Program Files\AdoptOpenJDK\jdk-15.0.2.7-hotspot\bin;C:\Program Files (x86)\Common Files\Oracle\Java\javapath;C:\Windows\system32;C:\Windows;C:\Windows\System32\Wbem;C:\Windows\System32\WindowsPowerShell\v1.0\;C:\Windows\System32\OpenSSH\;C:\Program Files (x86)\NVIDIA Corporation\PhysX\Common;C:\Program Files\NVIDIA Corporation\NVIDIA NvDLISR;C:\WINDOWS\system32;C:\WINDOWS;C:\WINDOWS\System32\Wbem;C:\WINDOWS\System32\WindowsPowerShell\v1.0\;C:\WINDOWS\System32\OpenSSH\;C:\Program Files\Microsoft SQL Server\130\Tools\Binn\;C:\Program Files\Microsoft SQL Server\Client SDK\ODBC\170\Tools\Binn\;C:\Program Files (x86)\Microsoft SQL Server\150\DTS\Binn\;C:\Program Files (x86)\Microsoft SQL Server\150\Tools\Binn\;C:\Program Files\Microsoft SQL Server\150\Tools\Binn\;C:\Program Files\Microsoft SQL Server\150\DTS\Binn\;C:\Program Files\dotnet\;C:\Program Files (x86)\dotnet\;C:\Program Files\Git\cmd;C:\Users\ALONS\AppData\Roaming\nvm;C:\Program Files\nodejs;C:\apache-maven-3.8.2\bin;C:\Program Files\PowerShell\7-preview\preview;C:\Program Files\PowerShell\7\;C:\Users\ALONS\AppData\Local\Microsoft\WindowsApps;C:\Users\ALONS\AppData\Local\Programs\Microsoft VS Code\bin;C:\Users\ALONS\.dotnet\tools;C:\Drivers\chromedriver_win32;C:\Program Files\JetBrains\IntelliJ IDEA Community Edition 2021.3\bin;;C:\Users\ALONS\AppData\Local\GitHubDesktop\bin;C:\Users\ALONS\AppData\Roaming\nvm;C:\Program Files\nodejs;
USERNAME=ALONS
OS=Windows_NT
PROCESSOR_IDENTIFIER=Intel64 Family 6 Model 158 Stepping 10, GenuineIntel



---------------  S Y S T E M  ---------------

OS: Windows 10.0 , 64 bit Build 22000 (10.0.22000.434)

CPU:total 8 (initial active 8) (4 cores per cpu, 2 threads per core) family 6 model 158 stepping 10, cmov, cx8, fxsr, mmx, sse, sse2, sse3, ssse3, sse4.1, sse4.2, popcnt, avx, avx2, aes, clmul, erms, 3dnowpref, lzcnt, ht, tsc, tscinvbit, bmi1, bmi2, adx

Memory: 4k page, physical 8229732k(368140k free), swap 33395556k(0k free)

vm_info: Java HotSpot(TM) 64-Bit Server VM (25.261-b12) for windows-amd64 JRE (1.8.0_261-b12), built on Jun 18 2020 06:56:32 by "" with unknown MS VC++:1916

time: Tue Feb 15 20:05:58 2022
timezone: Hora est. Pacífico, Sudamérica
elapsed time: 7111 seconds (0d 1h 58m 31s)

