#
# There is insufficient memory for the Java Runtime Environment to continue.
# Native memory allocation (malloc) failed to allocate 2816928 bytes for Chunk::new
# Possible reasons:
#   The system is out of physical RAM or swap space
#   The process is running with CompressedOops enabled, and the Java Heap may be blocking the growth of the native heap
# Possible solutions:
#   Reduce memory load on the system
#   Increase physical memory or swap space
#   Check if swap backing store is full
#   Decrease Java heap size (-Xmx/-Xms)
#   Decrease number of Java threads
#   Decrease Java thread stack sizes (-Xss)
#   Set larger code cache with -XX:ReservedCodeCacheSize=
#   JVM is running with Unscaled Compressed Oops mode in which the Java heap is
#     placed in the first 4GB address space. The Java Heap base address is the
#     maximum limit for the native heap growth. Please use -XX:HeapBaseMinAddress
#     to set the Java Heap base and to place the Java Heap above 4GB virtual address.
# This output file may be truncated or incomplete.
#
#  Out of Memory Error (allocation.cpp:389), pid=21844, tid=0x0000000000006450
#
# JRE version: Java(TM) SE Runtime Environment (8.0_261-b12) (build 1.8.0_261-b12)
# Java VM: Java HotSpot(TM) 64-Bit Server VM (25.261-b12 mixed mode windows-amd64 compressed oops)
# Failed to write core dump. Minidumps are not enabled by default on client versions of Windows
#

---------------  T H R E A D  ---------------

Current thread (0x000001b09022f800):  JavaThread "C2 CompilerThread0" daemon [_thread_in_native, id=25680, stack(0x00000062e2e00000,0x00000062e2f00000)]

Stack: [0x00000062e2e00000,0x00000062e2f00000]
Native frames: (J=compiled Java code, j=interpreted, Vv=VM code, C=native code)
V  [jvm.dll+0x33e5f9]
V  [jvm.dll+0x2850e2]
V  [jvm.dll+0x285d8d]
V  [jvm.dll+0x27c895]
V  [jvm.dll+0xe4d6c]
V  [jvm.dll+0xe556c]
V  [jvm.dll+0x47ed35]
V  [jvm.dll+0x446ab8]
V  [jvm.dll+0x44f8f5]
V  [jvm.dll+0x44ecb5]
V  [jvm.dll+0x439bc7]
V  [jvm.dll+0xbbbcb]
V  [jvm.dll+0xba22b]
V  [jvm.dll+0x24d962]
V  [jvm.dll+0x2a1cfc]
C  [ucrtbase.dll+0x26c0c]
C  [KERNEL32.DLL+0x154e0]
C  [ntdll.dll+0x485b]


Current CompileTask:
C2:  38045 7576       4       groovy.lang.MetaClassImpl::inheritInterfaceNewMetaMethods (199 bytes)


---------------  P R O C E S S  ---------------

Java Threads: ( => current thread )
  0x000001b0940ce800 JavaThread "Exec process Thread 3" [_thread_blocked, id=26564, stack(0x00000062e5c00000,0x00000062e5d00000)]
  0x000001b0940cd000 JavaThread "Exec process Thread 2" [_thread_blocked, id=25132, stack(0x00000062e5b00000,0x00000062e5c00000)]
  0x000001b0940ca800 JavaThread "Exec process" [_thread_blocked, id=18776, stack(0x00000062e5a00000,0x00000062e5b00000)]
  0x000001b093b10800 JavaThread "Cache worker for execution history cache (C:\FuentesBitbucket\api\.gradle\5.6.2\executionHistory)" [_thread_blocked, id=21320, stack(0x00000062e5800000,0x00000062e5900000)]
  0x000001b093b0a000 JavaThread "Cache worker for file content cache (C:\FuentesBitbucket\api\.gradle\5.6.2\fileContent)" [_thread_blocked, id=24116, stack(0x00000062e5000000,0x00000062e5100000)]
  0x000001b093b0b800 JavaThread "Cache worker for file content cache (C:\Users\ALONS\.gradle\caches\5.6.2\fileContent)" [_thread_blocked, id=25676, stack(0x00000062e4f00000,0x00000062e5000000)]
  0x000001b093b0b000 JavaThread "Memory manager" [_thread_blocked, id=21512, stack(0x00000062e4e00000,0x00000062e4f00000)]
  0x000001b093b09800 JavaThread "Cache worker for Build Output Cleanup Cache (C:\FuentesBitbucket\api\.gradle\buildOutputCleanup)" [_thread_blocked, id=24924, stack(0x00000062e4d00000,0x00000062e4e00000)]
  0x000001b093b06800 JavaThread "Build operations Thread 8" [_thread_blocked, id=9188, stack(0x00000062e4c00000,0x00000062e4d00000)]
  0x000001b093b03800 JavaThread "Build operations Thread 7" [_thread_blocked, id=23052, stack(0x00000062e4b00000,0x00000062e4c00000)]
  0x000001b093b05800 JavaThread "Build operations Thread 6" [_thread_blocked, id=29280, stack(0x00000062e4a00000,0x00000062e4b00000)]
  0x000001b093b05000 JavaThread "Build operations Thread 5" [_thread_blocked, id=29460, stack(0x00000062e4900000,0x00000062e4a00000)]
  0x000001b093b08800 JavaThread "Build operations Thread 4" [_thread_blocked, id=22512, stack(0x00000062e4800000,0x00000062e4900000)]
  0x000001b093b02000 JavaThread "Build operations Thread 3" [_thread_blocked, id=22084, stack(0x00000062e4700000,0x00000062e4800000)]
  0x000001b093b08000 JavaThread "Build operations Thread 2" [_thread_blocked, id=23708, stack(0x00000062e4600000,0x00000062e4700000)]
  0x000001b093b04000 JavaThread "Build operations" [_thread_blocked, id=22224, stack(0x00000062e4500000,0x00000062e4600000)]
  0x000001b0925f1000 JavaThread "Cache worker for execution history cache (C:\Users\ALONS\.gradle\caches\5.6.2\executionHistory)" [_thread_blocked, id=28640, stack(0x00000062e4400000,0x00000062e4500000)]
  0x000001b0925f0800 JavaThread "Cache worker for cache directory md-rule (C:\Users\ALONS\.gradle\caches\5.6.2\md-rule)" [_thread_blocked, id=24380, stack(0x00000062e4300000,0x00000062e4400000)]
  0x000001b0925ef000 JavaThread "Cache worker for cache directory md-supplier (C:\Users\ALONS\.gradle\caches\5.6.2\md-supplier)" [_thread_blocked, id=15000, stack(0x00000062e4200000,0x00000062e4300000)]
  0x000001b0925ec000 JavaThread "Cache worker for file hash cache (C:\FuentesBitbucket\api\.gradle\5.6.2\fileHashes)" [_thread_blocked, id=28668, stack(0x00000062e4100000,0x00000062e4200000)]
  0x000001b0925ef800 JavaThread "Cache worker for journal cache (C:\Users\ALONS\.gradle\caches\journal-1)" [_thread_blocked, id=16408, stack(0x00000062e4000000,0x00000062e4100000)]
  0x000001b0925ec800 JavaThread "File lock request listener" [_thread_in_native, id=22288, stack(0x00000062e3f00000,0x00000062e4000000)]
  0x000001b0925eb000 JavaThread "Cache worker for file hash cache (C:\Users\ALONS\.gradle\caches\5.6.2\fileHashes)" [_thread_blocked, id=28032, stack(0x00000062e3e00000,0x00000062e3f00000)]
  0x000001b09257e000 JavaThread "Thread-9" [_thread_blocked, id=29348, stack(0x00000062e3d00000,0x00000062e3e00000)]
  0x000001b09257f800 JavaThread "Stdin handler" [_thread_blocked, id=23636, stack(0x00000062e3c00000,0x00000062e3d00000)]
  0x000001b09265d000 JavaThread "Asynchronous log dispatcher for DefaultDaemonConnection: socket connection from /127.0.0.1:61974 to /127.0.0.1:61976" [_thread_blocked, id=11220, stack(0x00000062e3b00000,0x00000062e3c00000)]
  0x000001b092aef800 JavaThread "Daemon worker" [_thread_in_native, id=21716, stack(0x00000062e3a00000,0x00000062e3b00000)]
  0x000001b092673000 JavaThread "Cancel handler" [_thread_blocked, id=24004, stack(0x00000062e3900000,0x00000062e3a00000)]
  0x000001b0923f5000 JavaThread "Handler for socket connection from /127.0.0.1:61974 to /127.0.0.1:61976" [_thread_in_native, id=16784, stack(0x00000062e3800000,0x00000062e3900000)]
  0x000001b0923f3800 JavaThread "Daemon" [_thread_blocked, id=10544, stack(0x00000062e3700000,0x00000062e3800000)]
  0x000001b09207d800 JavaThread "Daemon periodic checks" [_thread_blocked, id=26816, stack(0x00000062e3600000,0x00000062e3700000)]
  0x000001b093645800 JavaThread "Incoming local TCP Connector on port 61974" [_thread_in_native, id=27348, stack(0x00000062e3500000,0x00000062e3600000)]
  0x000001b09356f800 JavaThread "Daemon health stats" [_thread_blocked, id=24212, stack(0x00000062e3400000,0x00000062e3500000)]
  0x000001b09028e000 JavaThread "Service Thread" daemon [_thread_blocked, id=24668, stack(0x00000062e3200000,0x00000062e3300000)]
  0x000001b0915e8800 JavaThread "C1 CompilerThread3" daemon [_thread_blocked, id=18396, stack(0x00000062e3100000,0x00000062e3200000)]
  0x000001b090237800 JavaThread "C2 CompilerThread2" daemon [_thread_in_native, id=14736, stack(0x00000062e3000000,0x00000062e3100000)]
  0x000001b090235800 JavaThread "C2 CompilerThread1" daemon [_thread_in_native, id=22432, stack(0x00000062e2f00000,0x00000062e3000000)]
=>0x000001b09022f800 JavaThread "C2 CompilerThread0" daemon [_thread_in_native, id=25680, stack(0x00000062e2e00000,0x00000062e2f00000)]
  0x000001b090219000 JavaThread "JDWP Command Reader" daemon [_thread_in_native, id=2428, stack(0x00000062e2d00000,0x00000062e2e00000)]
  0x000001b090215000 JavaThread "JDWP Event Helper Thread" daemon [_thread_blocked, id=22604, stack(0x00000062e2c00000,0x00000062e2d00000)]
  0x000001b090211000 JavaThread "JDWP Transport Listener: dt_socket" daemon [_thread_blocked, id=15248, stack(0x00000062e2b00000,0x00000062e2c00000)]
  0x000001b0901f8800 JavaThread "Attach Listener" daemon [_thread_blocked, id=16128, stack(0x00000062e2a00000,0x00000062e2b00000)]
  0x000001b0901f6800 JavaThread "Signal Dispatcher" daemon [_thread_blocked, id=13744, stack(0x00000062e2900000,0x00000062e2a00000)]
  0x000001b0901e0000 JavaThread "Finalizer" daemon [_thread_blocked, id=6168, stack(0x00000062e2800000,0x00000062e2900000)]
  0x000001b0901d9000 JavaThread "Reference Handler" daemon [_thread_blocked, id=10956, stack(0x00000062e2700000,0x00000062e2800000)]
  0x000001b0fcd16000 JavaThread "main" [_thread_blocked, id=15324, stack(0x00000062e1c00000,0x00000062e1d00000)]

Other Threads:
  0x000001b0901b2800 VMThread [stack: 0x00000062e2600000,0x00000062e2700000] [id=17796]
  0x000001b091600000 WatcherThread [stack: 0x00000062e3300000,0x00000062e3400000] [id=22008]

VM state:not at safepoint (normal execution)

VM Mutex/Monitor currently owned by a thread: None

heap address: 0x00000000e0000000, size: 512 MB, Compressed Oops mode: 32-bit
Narrow klass base: 0x0000000000000000, Narrow klass shift: 3
Compressed class space size: 1073741824 Address: 0x0000000100000000

Heap:
 PSYoungGen      total 145920K, used 93858K [0x00000000f5580000, 0x0000000100000000, 0x0000000100000000)
  eden space 129536K, 59% used [0x00000000f5580000,0x00000000fa128f30,0x00000000fd400000)
  from space 16384K, 99% used [0x00000000ff000000,0x00000000fffff8d0,0x0000000100000000)
  to   space 22528K, 0% used [0x00000000fd400000,0x00000000fd400000,0x00000000fea00000)
 ParOldGen       total 175104K, used 31307K [0x00000000e0000000, 0x00000000eab00000, 0x00000000f5580000)
  object space 175104K, 17% used [0x00000000e0000000,0x00000000e1e92c38,0x00000000eab00000)
 Metaspace       used 49519K, capacity 51134K, committed 51240K, reserved 1093632K
  class space    used 6774K, capacity 7162K, committed 7208K, reserved 1048576K

Card table byte_map: [0x000001b0fea00000,0x000001b0feb10000] byte_map_base: 0x000001b0fe300000

Marking Bits: (ParMarkBitMap*) 0x00000000638a4fb0
 Begin Bits: [0x000001b0febc0000, 0x000001b0ff3c0000)
 End Bits:   [0x000001b0ff3c0000, 0x000001b0ffbc0000)

Polling page: 0x000001b0fcde0000

CodeCache: size=245760Kb used=23382Kb max_used=24598Kb free=222377Kb
 bounds [0x000001b080000000, 0x000001b081830000, 0x000001b08f000000]
 total_blobs=7470 nmethods=6719 adapters=668
 compilation: enabled

Compilation events (10 events):
Event: 37.820 Thread 0x000001b0915e8800 7666       3       java.io.ObjectStreamClass$WeakClassKey::equals (42 bytes)
Event: 37.820 Thread 0x000001b0915e8800 nmethod 7666 0x000001b08045b190 code [0x000001b08045b300, 0x000001b08045b898]
Event: 37.821 Thread 0x000001b0915e8800 7667       3       java.io.ObjectOutputStream::writeClassDesc (60 bytes)
Event: 37.822 Thread 0x000001b0915e8800 nmethod 7667 0x000001b0801a2450 code [0x000001b0801a2660, 0x000001b0801a2d70]
Event: 37.822 Thread 0x000001b0915e8800 7668       3       java.io.ObjectOutputStream::writeString (74 bytes)
Event: 37.824 Thread 0x000001b0915e8800 nmethod 7668 0x000001b0808154d0 code [0x000001b080815700, 0x000001b080815f40]
Event: 37.824 Thread 0x000001b0915e8800 7670       3       org.gradle.internal.serialize.ExceptionReplacingObjectOutputStream::replaceObject (11 bytes)
Event: 37.824 Thread 0x000001b0915e8800 nmethod 7670 0x000001b0805d3ed0 code [0x000001b0805d4040, 0x000001b0805d4310]
Event: 37.824 Thread 0x000001b0915e8800 7669       3       java.io.ObjectStreamClass::isExternalizable (9 bytes)
Event: 37.824 Thread 0x000001b0915e8800 nmethod 7669 0x000001b080929210 code [0x000001b0809293a0, 0x000001b080929690]

GC Heap History (10 events):
Event: 22.336 GC heap before
{Heap before GC invocations=8 (full 2):
 PSYoungGen      total 118784K, used 8910K [0x00000000f5580000, 0x00000000fe080000, 0x0000000100000000)
  eden space 105984K, 0% used [0x00000000f5580000,0x00000000f5580000,0x00000000fbd00000)
  from space 12800K, 69% used [0x00000000fc900000,0x00000000fd1b3880,0x00000000fd580000)
  to   space 12288K, 0% used [0x00000000fbd00000,0x00000000fbd00000,0x00000000fc900000)
 ParOldGen       total 175104K, used 11690K [0x00000000e0000000, 0x00000000eab00000, 0x00000000f5580000)
  object space 175104K, 6% used [0x00000000e0000000,0x00000000e0b6a818,0x00000000eab00000)
 Metaspace       used 34746K, capacity 35426K, committed 35496K, reserved 1079296K
  class space    used 4838K, capacity 5014K, committed 5032K, reserved 1048576K
Event: 22.509 GC heap after
Heap after GC invocations=8 (full 2):
 PSYoungGen      total 118784K, used 0K [0x00000000f5580000, 0x00000000fe080000, 0x0000000100000000)
  eden space 105984K, 0% used [0x00000000f5580000,0x00000000f5580000,0x00000000fbd00000)
  from space 12800K, 0% used [0x00000000fc900000,0x00000000fc900000,0x00000000fd580000)
  to   space 12288K, 0% used [0x00000000fbd00000,0x00000000fbd00000,0x00000000fc900000)
 ParOldGen       total 175104K, used 15334K [0x00000000e0000000, 0x00000000eab00000, 0x00000000f5580000)
  object space 175104K, 8% used [0x00000000e0000000,0x00000000e0ef99a8,0x00000000eab00000)
 Metaspace       used 34746K, capacity 35426K, committed 35496K, reserved 1079296K
  class space    used 4838K, capacity 5014K, committed 5032K, reserved 1048576K
}
Event: 25.135 GC heap before
{Heap before GC invocations=9 (full 2):
 PSYoungGen      total 118784K, used 105984K [0x00000000f5580000, 0x00000000fe080000, 0x0000000100000000)
  eden space 105984K, 100% used [0x00000000f5580000,0x00000000fbd00000,0x00000000fbd00000)
  from space 12800K, 0% used [0x00000000fc900000,0x00000000fc900000,0x00000000fd580000)
  to   space 12288K, 0% used [0x00000000fbd00000,0x00000000fbd00000,0x00000000fc900000)
 ParOldGen       total 175104K, used 15334K [0x00000000e0000000, 0x00000000eab00000, 0x00000000f5580000)
  object space 175104K, 8% used [0x00000000e0000000,0x00000000e0ef99a8,0x00000000eab00000)
 Metaspace       used 39880K, capacity 41098K, committed 41384K, reserved 1085440K
  class space    used 5703K, capacity 5975K, committed 6056K, reserved 1048576K
Event: 25.156 GC heap after
Heap after GC invocations=9 (full 2):
 PSYoungGen      total 118272K, used 9407K [0x00000000f5580000, 0x00000000fff80000, 0x0000000100000000)
  eden space 105984K, 0% used [0x00000000f5580000,0x00000000f5580000,0x00000000fbd00000)
  from space 12288K, 76% used [0x00000000fbd00000,0x00000000fc62fdd8,0x00000000fc900000)
  to   space 12288K, 0% used [0x00000000ff380000,0x00000000ff380000,0x00000000fff80000)
 ParOldGen       total 175104K, used 15342K [0x00000000e0000000, 0x00000000eab00000, 0x00000000f5580000)
  object space 175104K, 8% used [0x00000000e0000000,0x00000000e0efb9a8,0x00000000eab00000)
 Metaspace       used 39880K, capacity 41098K, committed 41384K, reserved 1085440K
  class space    used 5703K, capacity 5975K, committed 6056K, reserved 1048576K
}
Event: 28.740 GC heap before
{Heap before GC invocations=10 (full 2):
 PSYoungGen      total 118272K, used 115391K [0x00000000f5580000, 0x00000000fff80000, 0x0000000100000000)
  eden space 105984K, 100% used [0x00000000f5580000,0x00000000fbd00000,0x00000000fbd00000)
  from space 12288K, 76% used [0x00000000fbd00000,0x00000000fc62fdd8,0x00000000fc900000)
  to   space 12288K, 0% used [0x00000000ff380000,0x00000000ff380000,0x00000000fff80000)
 ParOldGen       total 175104K, used 15342K [0x00000000e0000000, 0x00000000eab00000, 0x00000000f5580000)
  object space 175104K, 8% used [0x00000000e0000000,0x00000000e0efb9a8,0x00000000eab00000)
 Metaspace       used 45392K, capacity 46788K, committed 47016K, reserved 1089536K
  class space    used 6357K, capacity 6708K, committed 6824K, reserved 1048576K
Event: 28.769 GC heap after
Heap after GC invocations=10 (full 2):
 PSYoungGen      total 154112K, used 12272K [0x00000000f5580000, 0x0000000100000000, 0x0000000100000000)
  eden space 141824K, 0% used [0x00000000f5580000,0x00000000f5580000,0x00000000fe000000)
  from space 12288K, 99% used [0x00000000ff380000,0x00000000fff7c050,0x00000000fff80000)
  to   space 16384K, 0% used [0x00000000fe000000,0x00000000fe000000,0x00000000ff000000)
 ParOldGen       total 175104K, used 22561K [0x00000000e0000000, 0x00000000eab00000, 0x00000000f5580000)
  object space 175104K, 12% used [0x00000000e0000000,0x00000000e1608748,0x00000000eab00000)
 Metaspace       used 45392K, capacity 46788K, committed 47016K, reserved 1089536K
  class space    used 6357K, capacity 6708K, committed 6824K, reserved 1048576K
}
Event: 34.563 GC heap before
{Heap before GC invocations=11 (full 2):
 PSYoungGen      total 154112K, used 154096K [0x00000000f5580000, 0x0000000100000000, 0x0000000100000000)
  eden space 141824K, 100% used [0x00000000f5580000,0x00000000fe000000,0x00000000fe000000)
  from space 12288K, 99% used [0x00000000ff380000,0x00000000fff7c050,0x00000000fff80000)
  to   space 16384K, 0% used [0x00000000fe000000,0x00000000fe000000,0x00000000ff000000)
 ParOldGen       total 175104K, used 22561K [0x00000000e0000000, 0x00000000eab00000, 0x00000000f5580000)
  object space 175104K, 12% used [0x00000000e0000000,0x00000000e1608748,0x00000000eab00000)
 Metaspace       used 48244K, capacity 49656K, committed 49832K, reserved 1091584K
  class space    used 6601K, capacity 6958K, committed 7080K, reserved 1048576K
Event: 34.979 GC heap after
Heap after GC invocations=11 (full 2):
 PSYoungGen      total 158208K, used 16352K [0x00000000f5580000, 0x0000000100000000, 0x0000000100000000)
  eden space 141824K, 0% used [0x00000000f5580000,0x00000000f5580000,0x00000000fe000000)
  from space 16384K, 99% used [0x00000000fe000000,0x00000000feff8050,0x00000000ff000000)
  to   space 16384K, 0% used [0x00000000ff000000,0x00000000ff000000,0x0000000100000000)
 ParOldGen       total 175104K, used 27492K [0x00000000e0000000, 0x00000000eab00000, 0x00000000f5580000)
  object space 175104K, 15% used [0x00000000e0000000,0x00000000e1ad9118,0x00000000eab00000)
 Metaspace       used 48244K, capacity 49656K, committed 49832K, reserved 1091584K
  class space    used 6601K, capacity 6958K, committed 7080K, reserved 1048576K
}
Event: 36.998 GC heap before
{Heap before GC invocations=12 (full 2):
 PSYoungGen      total 158208K, used 158172K [0x00000000f5580000, 0x0000000100000000, 0x0000000100000000)
  eden space 141824K, 99% used [0x00000000f5580000,0x00000000fdfff138,0x00000000fe000000)
  from space 16384K, 99% used [0x00000000fe000000,0x00000000feff8050,0x00000000ff000000)
  to   space 16384K, 0% used [0x00000000ff000000,0x00000000ff000000,0x0000000100000000)
 ParOldGen       total 175104K, used 27492K [0x00000000e0000000, 0x00000000eab00000, 0x00000000f5580000)
  object space 175104K, 15% used [0x00000000e0000000,0x00000000e1ad9118,0x00000000eab00000)
 Metaspace       used 49093K, capacity 50588K, committed 50728K, reserved 1093632K
  class space    used 6715K, capacity 7094K, committed 7208K, reserved 1048576K
Event: 37.035 GC heap after
Heap after GC invocations=12 (full 2):
 PSYoungGen      total 145920K, used 16382K [0x00000000f5580000, 0x0000000100000000, 0x0000000100000000)
  eden space 129536K, 0% used [0x00000000f5580000,0x00000000f5580000,0x00000000fd400000)
  from space 16384K, 99% used [0x00000000ff000000,0x00000000fffff8d0,0x0000000100000000)
  to   space 22528K, 0% used [0x00000000fd400000,0x00000000fd400000,0x00000000fea00000)
 ParOldGen       total 175104K, used 31307K [0x00000000e0000000, 0x00000000eab00000, 0x00000000f5580000)
  object space 175104K, 17% used [0x00000000e0000000,0x00000000e1e92c38,0x00000000eab00000)
 Metaspace       used 49093K, capacity 50588K, committed 50728K, reserved 1093632K
  class space    used 6715K, capacity 7094K, committed 7208K, reserved 1048576K
}

Deoptimization events (10 events):
Event: 36.919 Thread 0x000001b093b0d000 Uncommon trap: reason=unstable_if action=reinterpret pc=0x000001b08155f9a8 method=groovy.lang.MetaClassImpl.getMetaProperty(Ljava/lang/String;Z)Lgroovy/lang/MetaProperty; @ 6
Event: 36.925 Thread 0x000001b093b0d000 Uncommon trap: reason=class_check action=maybe_recompile pc=0x000001b08155cd60 method=groovy.lang.MetaClassImpl.getMetaProperty(Ljava/lang/String;Z)Lgroovy/lang/MetaProperty; @ 41
Event: 36.925 Thread 0x000001b093b0d000 Uncommon trap: reason=class_check action=maybe_recompile pc=0x000001b081554d3c method=org.gradle.internal.metaobject.BeanDynamicObject$MetaClassAdapter.lookupProperty(Lgroovy/lang/MetaClass;Ljava/lang/String;)Lgroovy/lang/MetaProperty; @ 29
Event: 37.540 Thread 0x000001b0940ce800 Uncommon trap: reason=unstable_if action=reinterpret pc=0x000001b0804f0ab0 method=org.gradle.internal.logging.text.AbstractLineChoppingStyledTextOutput$2.execute(Lorg/gradle/internal/logging/text/AbstractLineChoppingStyledTextOutput$StateContext;)V @ 30
Event: 37.540 Thread 0x000001b0940ce800 Uncommon trap: reason=unstable_if action=reinterpret pc=0x000001b080478244 method=org.gradle.internal.logging.text.AbstractLineChoppingStyledTextOutput$2.execute(Lorg/gradle/internal/logging/text/AbstractLineChoppingStyledTextOutput$StateContext;)V @ 30
Event: 37.802 Thread 0x000001b092aef800 Uncommon trap: reason=unstable_if action=reinterpret pc=0x000001b08172906c method=com.google.common.cache.LocalCache$Segment.drainReferenceQueues()V @ 7
Event: 37.811 Thread 0x000001b092aef800 Uncommon trap: reason=class_check action=maybe_recompile pc=0x000001b08020e358 method=java.lang.String.equals(Ljava/lang/Object;)Z @ 8
Event: 37.811 Thread 0x000001b092aef800 Uncommon trap: reason=class_check action=maybe_recompile pc=0x000001b08020e358 method=java.lang.String.equals(Ljava/lang/Object;)Z @ 8
Event: 37.811 Thread 0x000001b092aef800 Uncommon trap: reason=class_check action=maybe_recompile pc=0x000001b08020e358 method=java.lang.String.equals(Ljava/lang/Object;)Z @ 8
Event: 37.811 Thread 0x000001b092aef800 Uncommon trap: reason=class_check action=maybe_recompile pc=0x000001b08020e358 method=java.lang.String.equals(Ljava/lang/Object;)Z @ 8

Classes redefined (0 events):
No events

Internal exceptions (10 events):
Event: 36.974 Thread 0x000001b093b0d000 Exception <a 'java/io/FileNotFoundException'> (0x00000000fc9e37f0) thrown at [C:\jenkins\workspace\8-2-build-windows-amd64-cygwin\jdk8u261\295\hotspot\src\share\vm\prims\jni.cpp, line 710]
Event: 36.975 Thread 0x000001b093b0d000 Exception <a 'java/io/FileNotFoundException'> (0x00000000fc9e46e0) thrown at [C:\jenkins\workspace\8-2-build-windows-amd64-cygwin\jdk8u261\295\hotspot\src\share\vm\prims\jni.cpp, line 710]
Event: 37.171 Thread 0x000001b093b0d000 Exception <a 'java/lang/NoSuchMethodError': org.springframework.boot.gradle.tasks.run.BootRun.getJavaLauncher()Lorg/gradle/api/provider/Property;> (0x00000000f6d67f38) thrown at [C:\jenkins\workspace\8-2-build-windows-amd64-cygwin\jdk8u261\295\hotspot\src
Event: 37.183 Thread 0x000001b093b0d000 Exception <a 'java/io/FileNotFoundException'> (0x00000000f6d834d8) thrown at [C:\jenkins\workspace\8-2-build-windows-amd64-cygwin\jdk8u261\295\hotspot\src\share\vm\prims\jni.cpp, line 710]
Event: 37.184 Thread 0x000001b093b0d000 Exception <a 'java/io/FileNotFoundException'> (0x00000000f6d851b0) thrown at [C:\jenkins\workspace\8-2-build-windows-amd64-cygwin\jdk8u261\295\hotspot\src\share\vm\prims\jni.cpp, line 710]
Event: 37.184 Thread 0x000001b093b0d000 Exception <a 'java/io/FileNotFoundException'> (0x00000000f6d85eb8) thrown at [C:\jenkins\workspace\8-2-build-windows-amd64-cygwin\jdk8u261\295\hotspot\src\share\vm\prims\jni.cpp, line 710]
Event: 37.549 Thread 0x000001b093b0d000 Exception <a 'java/lang/reflect/InvocationTargetException'> (0x00000000f9c487a8) thrown at [C:\jenkins\workspace\8-2-build-windows-amd64-cygwin\jdk8u261\295\hotspot\src\share\vm\runtime\reflection.cpp, line 1092]
Event: 37.565 Thread 0x000001b09257e000 Exception <a 'java/lang/NoSuchMethodError': <clinit>> (0x00000000f5596638) thrown at [C:\jenkins\workspace\8-2-build-windows-amd64-cygwin\jdk8u261\295\hotspot\src\share\vm\prims\jni.cpp, line 1615]
Event: 37.581 Thread 0x000001b09257e000 Exception <a 'java/lang/NoSuchMethodError': <clinit>> (0x00000000f9fa7a80) thrown at [C:\jenkins\workspace\8-2-build-windows-amd64-cygwin\jdk8u261\295\hotspot\src\share\vm\prims\jni.cpp, line 1615]
Event: 37.614 Thread 0x000001b09257e000 Exception <a 'java/lang/NoSuchMethodError': <clinit>> (0x00000000f9fb6d00) thrown at [C:\jenkins\workspace\8-2-build-windows-amd64-cygwin\jdk8u261\295\hotspot\src\share\vm\prims\jni.cpp, line 1615]

Events (10 events):
Event: 37.834 Thread 0x000001b092aef800 DEOPT UNPACKING pc=0x000001b080047898 sp=0x00000062e3afa5d8 mode 1
Event: 37.834 Thread 0x000001b092aef800 DEOPT PACKING pc=0x000001b08054a69c sp=0x00000062e3afa820
Event: 37.834 Thread 0x000001b092aef800 DEOPT UNPACKING pc=0x000001b080047898 sp=0x00000062e3afa5d8 mode 1
Event: 37.834 Thread 0x000001b092aef800 DEOPT PACKING pc=0x000001b08054a69c sp=0x00000062e3afa820
Event: 37.834 Thread 0x000001b092aef800 DEOPT UNPACKING pc=0x000001b080047898 sp=0x00000062e3afa5d8 mode 1
Event: 37.834 Thread 0x000001b092aef800 DEOPT PACKING pc=0x000001b08054a69c sp=0x00000062e3afa820
Event: 37.834 Thread 0x000001b092aef800 DEOPT UNPACKING pc=0x000001b080047898 sp=0x00000062e3afa5d8 mode 1
Event: 37.964 Thread 0x000001b092aef800 DEOPT PACKING pc=0x000001b08054a69c sp=0x00000062e3afa820
Event: 37.964 Thread 0x000001b092aef800 DEOPT UNPACKING pc=0x000001b080047898 sp=0x00000062e3afa5d8 mode 1
Event: 37.964 loading class java/io/NotSerializableException


Dynamic libraries:
0x00007ff731140000 - 0x00007ff731187000 	C:\Program Files\Java\jdk1.8.0_261\bin\java.exe
0x00007ffb80640000 - 0x00007ffb80849000 	C:\WINDOWS\SYSTEM32\ntdll.dll
0x00007ffb7f3c0000 - 0x00007ffb7f47d000 	C:\WINDOWS\System32\KERNEL32.DLL
0x00007ffb7e0c0000 - 0x00007ffb7e434000 	C:\WINDOWS\System32\KERNELBASE.dll
0x00007ffb7fd60000 - 0x00007ffb7fe0e000 	C:\WINDOWS\System32\ADVAPI32.dll
0x00007ffb7ffa0000 - 0x00007ffb80043000 	C:\WINDOWS\System32\msvcrt.dll
0x00007ffb80060000 - 0x00007ffb800fe000 	C:\WINDOWS\System32\sechost.dll
0x00007ffb804e0000 - 0x00007ffb80600000 	C:\WINDOWS\System32\RPCRT4.dll
0x00007ffb7eff0000 - 0x00007ffb7f19c000 	C:\WINDOWS\System32\USER32.dll
0x00007ffb7dcd0000 - 0x00007ffb7dcf6000 	C:\WINDOWS\System32\win32u.dll
0x00007ffb7efb0000 - 0x00007ffb7efd9000 	C:\WINDOWS\System32\GDI32.dll
0x00007ffb7dd00000 - 0x00007ffb7de12000 	C:\WINDOWS\System32\gdi32full.dll
0x00007ffb7e440000 - 0x00007ffb7e4dd000 	C:\WINDOWS\System32\msvcp_win.dll
0x00007ffb7dbb0000 - 0x00007ffb7dcc1000 	C:\WINDOWS\System32\ucrtbase.dll
0x00007ffb602e0000 - 0x00007ffb60585000 	C:\WINDOWS\WinSxS\amd64_microsoft.windows.common-controls_6595b64144ccf1df_6.0.22000.120_none_9d947278b86cc467\COMCTL32.dll
0x00007ffb7f230000 - 0x00007ffb7f261000 	C:\WINDOWS\System32\IMM32.DLL
0x00007ffb64750000 - 0x00007ffb64765000 	C:\Program Files\Java\jdk1.8.0_261\jre\bin\vcruntime140.dll
0x00007ffb2c0e0000 - 0x00007ffb2c17b000 	C:\Program Files\Java\jdk1.8.0_261\jre\bin\msvcp140.dll
0x00000000630b0000 - 0x000000006391c000 	C:\Program Files\Java\jdk1.8.0_261\jre\bin\server\jvm.dll
0x00007ffb7f270000 - 0x00007ffb7f278000 	C:\WINDOWS\System32\PSAPI.DLL
0x00007ffb716c0000 - 0x00007ffb716c9000 	C:\WINDOWS\SYSTEM32\WSOCK32.dll
0x00007ffb7fe10000 - 0x00007ffb7fe7f000 	C:\WINDOWS\System32\WS2_32.dll
0x00007ffb71600000 - 0x00007ffb71633000 	C:\WINDOWS\SYSTEM32\WINMM.dll
0x00007ffb70b40000 - 0x00007ffb70b4a000 	C:\WINDOWS\SYSTEM32\VERSION.dll
0x00007ffb7cd20000 - 0x00007ffb7cd38000 	C:\WINDOWS\SYSTEM32\kernel.appcore.dll
0x00007ffb667b0000 - 0x00007ffb667c0000 	C:\Program Files\Java\jdk1.8.0_261\jre\bin\verify.dll
0x00007ffb4d550000 - 0x00007ffb4d57b000 	C:\Program Files\Java\jdk1.8.0_261\jre\bin\java.dll
0x00007ffb2c0a0000 - 0x00007ffb2c0d6000 	C:\Program Files\Java\jdk1.8.0_261\jre\bin\jdwp.dll
0x00007ffb65f80000 - 0x00007ffb65f89000 	C:\Program Files\Java\jdk1.8.0_261\jre\bin\npt.dll
0x00007ffb4d530000 - 0x00007ffb4d548000 	C:\Program Files\Java\jdk1.8.0_261\jre\bin\zip.dll
0x00007ffb7e600000 - 0x00007ffb7edaf000 	C:\WINDOWS\System32\SHELL32.dll
0x00007ffb7bc80000 - 0x00007ffb7c4e8000 	C:\WINDOWS\SYSTEM32\windows.storage.dll
0x00007ffb7f570000 - 0x00007ffb7f8e8000 	C:\WINDOWS\System32\combase.dll
0x00007ffb7bb10000 - 0x00007ffb7bc76000 	C:\WINDOWS\SYSTEM32\wintypes.dll
0x00007ffb7f480000 - 0x00007ffb7f56a000 	C:\WINDOWS\System32\SHCORE.dll
0x00007ffb7e4e0000 - 0x00007ffb7e53d000 	C:\WINDOWS\System32\shlwapi.dll
0x00007ffb7da60000 - 0x00007ffb7da81000 	C:\WINDOWS\SYSTEM32\profapi.dll
0x00007ffb65d00000 - 0x00007ffb65d0a000 	C:\Program Files\Java\jdk1.8.0_261\jre\bin\dt_socket.dll
0x00007ffb7d150000 - 0x00007ffb7d1b7000 	C:\WINDOWS\system32\mswsock.dll
0x00007ffb3d1b0000 - 0x00007ffb3d1cc000 	C:\Program Files\Java\jdk1.8.0_261\jre\bin\net.dll
0x00007ffb3c2f0000 - 0x00007ffb3c303000 	C:\Program Files\Java\jdk1.8.0_261\jre\bin\nio.dll
0x00007ffb3c340000 - 0x00007ffb3c366000 	C:\Users\ALONS\.gradle\native\30\windows-amd64\native-platform.dll
0x00007ffb65410000 - 0x00007ffb6541d000 	C:\Program Files\Java\jdk1.8.0_261\jre\bin\management.dll
0x00007ffb7d3a0000 - 0x00007ffb7d3b8000 	C:\WINDOWS\SYSTEM32\CRYPTSP.dll
0x00007ffb7cc80000 - 0x00007ffb7ccb5000 	C:\WINDOWS\system32\rsaenh.dll
0x00007ffb7d240000 - 0x00007ffb7d269000 	C:\WINDOWS\SYSTEM32\USERENV.dll
0x00007ffb7d510000 - 0x00007ffb7d537000 	C:\WINDOWS\SYSTEM32\bcrypt.dll
0x00007ffb7db30000 - 0x00007ffb7dbaf000 	C:\WINDOWS\System32\bcryptprimitives.dll
0x00007ffb7d390000 - 0x00007ffb7d39c000 	C:\WINDOWS\SYSTEM32\CRYPTBASE.dll
0x00007ffb7c820000 - 0x00007ffb7c84d000 	C:\WINDOWS\SYSTEM32\IPHLPAPI.DLL
0x00007ffb7fe80000 - 0x00007ffb7fe89000 	C:\WINDOWS\System32\NSI.dll
0x00007ffb71100000 - 0x00007ffb71119000 	C:\WINDOWS\SYSTEM32\dhcpcsvc6.DLL
0x00007ffb71220000 - 0x00007ffb7123e000 	C:\WINDOWS\SYSTEM32\dhcpcsvc.DLL
0x00007ffb7c890000 - 0x00007ffb7c978000 	C:\WINDOWS\SYSTEM32\DNSAPI.dll
0x00007ffb4d5b0000 - 0x00007ffb4d5d4000 	C:\Program Files\Java\jdk1.8.0_261\jre\bin\sunec.dll
0x00007ffb70630000 - 0x00007ffb7063a000 	C:\Windows\System32\rasadhlp.dll
0x00007ffb6db80000 - 0x00007ffb6dc01000 	C:\WINDOWS\System32\fwpuclnt.dll
0x00007ffb7b7e0000 - 0x00007ffb7ba01000 	C:\WINDOWS\SYSTEM32\dbghelp.dll

VM Arguments:
jvm_args: -XX:MaxMetaspaceSize=256m -XX:+HeapDumpOnOutOfMemoryError -agentlib:jdwp=transport=dt_socket,server=n,suspend=y,address=127.0.0.1:61933 -Xms256m -Xmx512m -Dfile.encoding=windows-1252 -Duser.country=ES -Duser.language=es -Duser.variant 
java_command: org.gradle.launcher.daemon.bootstrap.GradleDaemon 5.6.2
java_class_path (initial): C:\Users\ALONS\.gradle\wrapper\dists\gradle-5.6.2-bin\3clyn6icets6f02ptgd5hlmou\gradle-5.6.2\lib\gradle-launcher-5.6.2.jar
Launcher Type: SUN_STANDARD

Environment Variables:
JAVA_HOME=C:\Program Files\Java\jdk1.8.0_261
PATH=C:\Program Files\Common Files\Oracle\Java\javapath;C:\Program Files\AdoptOpenJDK\jdk-15.0.2.7-hotspot\bin;C:\Program Files (x86)\Common Files\Oracle\Java\javapath;C:\Windows\system32;C:\Windows;C:\Windows\System32\Wbem;C:\Windows\System32\WindowsPowerShell\v1.0\;C:\Windows\System32\OpenSSH\;C:\Program Files (x86)\NVIDIA Corporation\PhysX\Common;C:\Program Files\NVIDIA Corporation\NVIDIA NvDLISR;C:\WINDOWS\system32;C:\WINDOWS;C:\WINDOWS\System32\Wbem;C:\WINDOWS\System32\WindowsPowerShell\v1.0\;C:\WINDOWS\System32\OpenSSH\;C:\Program Files\Microsoft SQL Server\130\Tools\Binn\;C:\Program Files\Microsoft SQL Server\Client SDK\ODBC\170\Tools\Binn\;C:\Program Files (x86)\Microsoft SQL Server\150\DTS\Binn\;C:\Program Files (x86)\Microsoft SQL Server\150\Tools\Binn\;C:\Program Files\Microsoft SQL Server\150\Tools\Binn\;C:\Program Files\Microsoft SQL Server\150\DTS\Binn\;C:\Program Files\dotnet\;C:\Program Files (x86)\dotnet\;C:\Program Files\Git\cmd;C:\Users\ALONS\AppData\Roaming\nvm;C:\Program Files\nodejs;C:\apache-maven-3.8.2\bin;C:\Program Files\PowerShell\7-preview\preview;C:\Program Files\PowerShell\7\;C:\Users\ALONS\AppData\Local\Microsoft\WindowsApps;C:\Users\ALONS\AppData\Local\Programs\Microsoft VS Code\bin;C:\Users\ALONS\.dotnet\tools;C:\Drivers\chromedriver_win32;C:\Program Files\JetBrains\IntelliJ IDEA Community Edition 2021.3\bin;;C:\Users\ALONS\AppData\Local\GitHubDesktop\bin;C:\Users\ALONS\AppData\Roaming\nvm;C:\Program Files\nodejs;
USERNAME=ALONS
OS=Windows_NT
PROCESSOR_IDENTIFIER=Intel64 Family 6 Model 158 Stepping 10, GenuineIntel



---------------  S Y S T E M  ---------------

OS: Windows 10.0 , 64 bit Build 22000 (10.0.22000.613)

CPU:total 8 (initial active 8) (4 cores per cpu, 2 threads per core) family 6 model 158 stepping 10, cmov, cx8, fxsr, mmx, sse, sse2, sse3, ssse3, sse4.1, sse4.2, popcnt, avx, avx2, aes, clmul, erms, 3dnowpref, lzcnt, ht, tsc, tscinvbit, bmi1, bmi2, adx

Memory: 4k page, physical 8229732k(386492k free), swap 33395556k(6040k free)

vm_info: Java HotSpot(TM) 64-Bit Server VM (25.261-b12) for windows-amd64 JRE (1.8.0_261-b12), built on Jun 18 2020 06:56:32 by "" with unknown MS VC++:1916

time: Fri Apr 29 13:53:21 2022
timezone: Hora est. Pacífico, Sudamérica
elapsed time: 38 seconds (0d 0h 0m 38s)

